0 info it worked if it ends with ok
1 verbose cli [ '/home/philliple/.nvm/versions/node/v6.5.0/bin/node',
1 verbose cli   '/home/philliple/.nvm/versions/node/v6.5.0/bin/npm',
1 verbose cli   'run',
1 verbose cli   'build:wach' ]
2 info using npm@3.10.3
3 info using node@v6.5.0
4 verbose stack Error: missing script: build:wach
4 verbose stack     at run (/home/philliple/.nvm/versions/node/v6.5.0/lib/node_modules/npm/lib/run-script.js:151:19)
4 verbose stack     at /home/philliple/.nvm/versions/node/v6.5.0/lib/node_modules/npm/lib/run-script.js:61:5
4 verbose stack     at /home/philliple/.nvm/versions/node/v6.5.0/lib/node_modules/npm/node_modules/read-package-json/read-json.js:356:5
4 verbose stack     at checkBinReferences_ (/home/philliple/.nvm/versions/node/v6.5.0/lib/node_modules/npm/node_modules/read-package-json/read-json.js:320:45)
4 verbose stack     at final (/home/philliple/.nvm/versions/node/v6.5.0/lib/node_modules/npm/node_modules/read-package-json/read-json.js:354:3)
4 verbose stack     at then (/home/philliple/.nvm/versions/node/v6.5.0/lib/node_modules/npm/node_modules/read-package-json/read-json.js:124:5)
4 verbose stack     at /home/philliple/.nvm/versions/node/v6.5.0/lib/node_modules/npm/node_modules/read-package-json/read-json.js:311:12
4 verbose stack     at /home/philliple/.nvm/versions/node/v6.5.0/lib/node_modules/npm/node_modules/graceful-fs/graceful-fs.js:78:16
4 verbose stack     at tryToString (fs.js:455:3)
4 verbose stack     at FSReqWrap.readFileAfterClose [as oncomplete] (fs.js:442:12)
5 verbose cwd /home/philliple/notebook
6 error Linux 3.10.0-327.22.2.el7.x86_64
7 error argv "/home/philliple/.nvm/versions/node/v6.5.0/bin/node" "/home/philliple/.nvm/versions/node/v6.5.0/bin/npm" "run" "build:wach"
8 error node v6.5.0
9 error npm  v3.10.3
10 error missing script: build:wach
11 error If you need help, you may report this error at:
11 error     <https://github.com/npm/npm/issues>
12 verbose exit [ 1, true ]
